<?xml version="1.0" encoding="UTF-8"?>
<testsuite xmlns:xsi="http://www.w3.org/2001/XMLSchema-instance" xsi:noNamespaceSchemaLocation="https://maven.apache.org/surefire/maven-surefire-plugin/xsd/surefire-test-report.xsd" version="3.0.1" name="com.utkarsh.AppTest" time="0.021" tests="1" errors="0" skipped="0" failures="0">
  <properties>
    <property name="java.specification.version" value="17"/>
    <property name="sun.jnu.encoding" value="UTF-8"/>
    <property name="java.class.path" value="/Users/utkarshshukla/Desktop/fast/fast/target/test-classes:/Users/utkarshshukla/Desktop/fast/fast/target/classes:/Users/utkarshshukla/.m2/repository/org/junit/jupiter/junit-jupiter-api/5.11.0/junit-jupiter-api-5.11.0.jar:/Users/utkarshshukla/.m2/repository/org/opentest4j/opentest4j/1.3.0/opentest4j-1.3.0.jar:/Users/utkarshshukla/.m2/repository/org/junit/platform/junit-platform-commons/1.11.0/junit-platform-commons-1.11.0.jar:/Users/utkarshshukla/.m2/repository/org/apiguardian/apiguardian-api/1.1.2/apiguardian-api-1.1.2.jar:/Users/utkarshshukla/.m2/repository/org/junit/jupiter/junit-jupiter-params/5.11.0/junit-jupiter-params-5.11.0.jar:/Users/utkarshshukla/.m2/repository/info/picocli/picocli/4.7.6/picocli-4.7.6.jar:/Users/utkarshshukla/.m2/repository/com/fasterxml/jackson/core/jackson-databind/2.17.1/jackson-databind-2.17.1.jar:/Users/utkarshshukla/.m2/repository/com/fasterxml/jackson/core/jackson-annotations/2.17.1/jackson-annotations-2.17.1.jar:/Users/utkarshshukla/.m2/repository/com/fasterxml/jackson/core/jackson-core/2.17.1/jackson-core-2.17.1.jar:/Users/utkarshshukla/.m2/repository/com/fasterxml/jackson/datatype/jackson-datatype-jsr310/2.17.1/jackson-datatype-jsr310-2.17.1.jar:/Users/utkarshshukla/.m2/repository/de/vandermeer/asciitable/0.3.2/asciitable-0.3.2.jar:/Users/utkarshshukla/.m2/repository/de/vandermeer/ascii-utf-themes/0.0.1/ascii-utf-themes-0.0.1.jar:/Users/utkarshshukla/.m2/repository/de/vandermeer/skb-interfaces/0.0.1/skb-interfaces-0.0.1.jar:/Users/utkarshshukla/.m2/repository/org/apache/commons/commons-lang3/3.4/commons-lang3-3.4.jar:/Users/utkarshshukla/.m2/repository/org/antlr/ST4/4.0.8/ST4-4.0.8.jar:/Users/utkarshshukla/.m2/repository/org/antlr/antlr-runtime/3.5.2/antlr-runtime-3.5.2.jar:/Users/utkarshshukla/.m2/repository/org/antlr/antlr4/4.5.1/antlr4-4.5.1.jar:/Users/utkarshshukla/.m2/repository/org/slf4j/slf4j-api/1.7.12/slf4j-api-1.7.12.jar:/Users/utkarshshukla/.m2/repository/de/vandermeer/char-translation/0.0.2/char-translation-0.0.2.jar:"/>
    <property name="java.vm.vendor" value="Oracle Corporation"/>
    <property name="sun.arch.data.model" value="64"/>
    <property name="java.vendor.url" value="https://java.oracle.com/"/>
    <property name="user.timezone" value="Asia/Kolkata"/>
    <property name="os.name" value="Mac OS X"/>
    <property name="java.vm.specification.version" value="17"/>
    <property name="sun.java.launcher" value="SUN_STANDARD"/>
    <property name="user.country" value="IN"/>
    <property name="sun.boot.library.path" value="/Users/utkarshshukla/.sdkman/candidates/java/17.0.8-graal/lib"/>
    <property name="sun.java.command" value="/Users/utkarshshukla/Desktop/fast/fast/target/surefire/surefirebooter-20250815005334710_3.jar /Users/utkarshshukla/Desktop/fast/fast/target/surefire 2025-08-15T00-53-34_645-jvmRun1 surefire-20250815005334710_1tmp surefire_0-20250815005334710_2tmp"/>
    <property name="http.nonProxyHosts" value="local|*.local|169.254/16|*.169.254/16"/>
    <property name="jdk.debug" value="release"/>
    <property name="surefire.test.class.path" value="/Users/utkarshshukla/Desktop/fast/fast/target/test-classes:/Users/utkarshshukla/Desktop/fast/fast/target/classes:/Users/utkarshshukla/.m2/repository/org/junit/jupiter/junit-jupiter-api/5.11.0/junit-jupiter-api-5.11.0.jar:/Users/utkarshshukla/.m2/repository/org/opentest4j/opentest4j/1.3.0/opentest4j-1.3.0.jar:/Users/utkarshshukla/.m2/repository/org/junit/platform/junit-platform-commons/1.11.0/junit-platform-commons-1.11.0.jar:/Users/utkarshshukla/.m2/repository/org/apiguardian/apiguardian-api/1.1.2/apiguardian-api-1.1.2.jar:/Users/utkarshshukla/.m2/repository/org/junit/jupiter/junit-jupiter-params/5.11.0/junit-jupiter-params-5.11.0.jar:/Users/utkarshshukla/.m2/repository/info/picocli/picocli/4.7.6/picocli-4.7.6.jar:/Users/utkarshshukla/.m2/repository/com/fasterxml/jackson/core/jackson-databind/2.17.1/jackson-databind-2.17.1.jar:/Users/utkarshshukla/.m2/repository/com/fasterxml/jackson/core/jackson-annotations/2.17.1/jackson-annotations-2.17.1.jar:/Users/utkarshshukla/.m2/repository/com/fasterxml/jackson/core/jackson-core/2.17.1/jackson-core-2.17.1.jar:/Users/utkarshshukla/.m2/repository/com/fasterxml/jackson/datatype/jackson-datatype-jsr310/2.17.1/jackson-datatype-jsr310-2.17.1.jar:/Users/utkarshshukla/.m2/repository/de/vandermeer/asciitable/0.3.2/asciitable-0.3.2.jar:/Users/utkarshshukla/.m2/repository/de/vandermeer/ascii-utf-themes/0.0.1/ascii-utf-themes-0.0.1.jar:/Users/utkarshshukla/.m2/repository/de/vandermeer/skb-interfaces/0.0.1/skb-interfaces-0.0.1.jar:/Users/utkarshshukla/.m2/repository/org/apache/commons/commons-lang3/3.4/commons-lang3-3.4.jar:/Users/utkarshshukla/.m2/repository/org/antlr/ST4/4.0.8/ST4-4.0.8.jar:/Users/utkarshshukla/.m2/repository/org/antlr/antlr-runtime/3.5.2/antlr-runtime-3.5.2.jar:/Users/utkarshshukla/.m2/repository/org/antlr/antlr4/4.5.1/antlr4-4.5.1.jar:/Users/utkarshshukla/.m2/repository/org/slf4j/slf4j-api/1.7.12/slf4j-api-1.7.12.jar:/Users/utkarshshukla/.m2/repository/de/vandermeer/char-translation/0.0.2/char-translation-0.0.2.jar:"/>
    <property name="sun.cpu.endian" value="little"/>
    <property name="user.home" value="/Users/utkarshshukla"/>
    <property name="user.language" value="en"/>
    <property name="java.specification.vendor" value="Oracle Corporation"/>
    <property name="java.version.date" value="2023-07-18"/>
    <property name="java.home" value="/Users/utkarshshukla/.sdkman/candidates/java/17.0.8-graal"/>
    <property name="file.separator" value="/"/>
    <property name="basedir" value="/Users/utkarshshukla/Desktop/fast/fast"/>
    <property name="java.vm.compressedOopsMode" value="Zero based"/>
    <property name="jdk.internal.vm.ci.enabled" value="true"/>
    <property name="line.separator" value="&#10;"/>
    <property name="java.vm.specification.vendor" value="Oracle Corporation"/>
    <property name="java.specification.name" value="Java Platform API Specification"/>
    <property name="apple.awt.application.name" value="ForkedBooter"/>
    <property name="surefire.real.class.path" value="/Users/utkarshshukla/Desktop/fast/fast/target/surefire/surefirebooter-20250815005334710_3.jar"/>
    <property name="junit.platform.listeners.uid.tracking.enabled" value="true"/>
    <property name="sun.management.compiler" value="HotSpot 64-Bit Tiered Compilers"/>
    <property name="ftp.nonProxyHosts" value="local|*.local|169.254/16|*.169.254/16"/>
    <property name="junit.platform.listeners.uid.tracking.output.dir" value="/Users/utkarshshukla/Desktop/fast/fast/target/test-ids"/>
    <property name="java.runtime.version" value="17.0.8+9-LTS-jvmci-23.0-b14"/>
    <property name="user.name" value="utkarshshukla"/>
    <property name="path.separator" value=":"/>
    <property name="os.version" value="14.5"/>
    <property name="java.runtime.name" value="Java(TM) SE Runtime Environment"/>
    <property name="file.encoding" value="UTF-8"/>
    <property name="java.vm.name" value="Java HotSpot(TM) 64-Bit Server VM"/>
    <property name="java.vendor.version" value="Oracle GraalVM 17.0.8+9.1"/>
    <property name="localRepository" value="/Users/utkarshshukla/.m2/repository"/>
    <property name="java.vendor.url.bug" value="https://bugreport.java.com/bugreport/"/>
    <property name="java.io.tmpdir" value="/var/folders/gj/td_4lm4j3vbcp2p9x2l6kdlr0000gn/T/"/>
    <property name="java.version" value="17.0.8"/>
    <property name="user.dir" value="/Users/utkarshshukla/Desktop/fast/fast"/>
    <property name="os.arch" value="aarch64"/>
    <property name="java.vm.specification.name" value="Java Virtual Machine Specification"/>
    <property name="native.encoding" value="UTF-8"/>
    <property name="java.library.path" value="/Users/utkarshshukla/Library/Java/Extensions:/Library/Java/Extensions:/Network/Library/Java/Extensions:/System/Library/Java/Extensions:/usr/lib/java:."/>
    <property name="java.vm.info" value="mixed mode, sharing"/>
    <property name="java.vendor" value="Oracle Corporation"/>
    <property name="java.vm.version" value="17.0.8+9-LTS-jvmci-23.0-b14"/>
    <property name="sun.io.unicode.encoding" value="UnicodeBig"/>
    <property name="socksNonProxyHosts" value="local|*.local|169.254/16|*.169.254/16"/>
    <property name="java.class.version" value="61.0"/>
  </properties>
  <testcase name="shouldAnswerWithTrue" classname="com.utkarsh.AppTest" time="0.011"/>
</testsuite>